Virtual User Script started at : 2/20/2021 12:44:04 PM	[MsgId: MMSG-15967]
Virtual User Script started at : 2/20/2021 12:44:04 PM	[MsgId: MMSG-15967]
Virtual User Script started at : 2/20/2021 12:44:04 PM	[MsgId: MMSG-15967]
Starting action vuser_init.	[MsgId: MMSG-15919]
Web Turbo Replay of LoadRunner 12.50.0 for Windows 8; build 1096 (¡.¾. 20 2564 16:55:24)  	[MsgId: MMSG-27143]
Run mode: HTML  	[MsgId: MMSG-26993]
Replay user agent: Mozilla/5.0 (Windows NT 10.0; Win64; x64; Trident/7.0; rv:11.0) like Gecko  	[MsgId: MMSG-26988]
Run-Time Settings file: "C:\Users\Lenovo\AppData\Local\Temp\lr5tmpdirEzO.200\lrcfgteA.201\cfgg0M.204"  	[MsgId: MMSG-27141]
Starting action vuser_init.	[MsgId: MMSG-15919]
Starting action vuser_init.	[MsgId: MMSG-15919]
Web Turbo Replay of LoadRunner 12.50.0 for Windows 8; build 1096 (¡.¾. 20 2564 16:55:24)  	[MsgId: MMSG-27143]
Web Turbo Replay of LoadRunner 12.50.0 for Windows 8; build 1096 (¡.¾. 20 2564 16:55:24)  	[MsgId: MMSG-27143]
Run mode: HTML  	[MsgId: MMSG-26993]
Run mode: HTML  	[MsgId: MMSG-26993]
Replay user agent: Mozilla/5.0 (Windows NT 10.0; Win64; x64; Trident/7.0; rv:11.0) like Gecko  	[MsgId: MMSG-26988]
Replay user agent: Mozilla/5.0 (Windows NT 10.0; Win64; x64; Trident/7.0; rv:11.0) like Gecko  	[MsgId: MMSG-26988]
Run-Time Settings file: "C:\Users\Lenovo\AppData\Local\Temp\lr5tmpdirEzO.200\lrcfgteA.201\cfgg0M.204"  	[MsgId: MMSG-27141]
Run-Time Settings file: "C:\Users\Lenovo\AppData\Local\Temp\lr5tmpdirEzO.200\lrcfgteA.201\cfgg0M.204"  	[MsgId: MMSG-27141]
Ending action vuser_init.	[MsgId: MMSG-15918]
Ending action vuser_init.	[MsgId: MMSG-15918]
Ending action vuser_init.	[MsgId: MMSG-15918]
Running Vuser...	[MsgId: MMSG-15964]
Running Vuser...	[MsgId: MMSG-15964]
Running Vuser...	[MsgId: MMSG-15964]
Starting iteration 1.	[MsgId: MMSG-15968]
Starting iteration 1.	[MsgId: MMSG-15968]
Maximum number of concurrent connections per server: 6  	[MsgId: MMSG-26989]
Maximum number of concurrent connections per server: 6  	[MsgId: MMSG-26989]
Starting action Action.	[MsgId: MMSG-15919]
Starting action Action.	[MsgId: MMSG-15919]
Action.c(4): web_add_auto_header("Accept") started  	[MsgId: MMSG-26355]
Action.c(4): web_add_auto_header("Accept") started  	[MsgId: MMSG-26355]
Action.c(4): web_add_auto_header("Accept") was successful  	[MsgId: MMSG-26392]
Action.c(4): web_add_auto_header("Accept") was successful  	[MsgId: MMSG-26392]
Action.c(7): web_add_auto_header("Accept-Encoding") started  	[MsgId: MMSG-26355]
Action.c(7): web_add_auto_header("Accept-Encoding") started  	[MsgId: MMSG-26355]
Action.c(7): web_add_auto_header("Accept-Encoding") was successful  	[MsgId: MMSG-26392]
Action.c(7): web_add_auto_header("Accept-Encoding") was successful  	[MsgId: MMSG-26392]
Action.c(10): web_add_header("Accept-Language") started  	[MsgId: MMSG-26355]
Action.c(10): web_add_header("Accept-Language") started  	[MsgId: MMSG-26355]
Action.c(10): web_add_header("Accept-Language") was successful  	[MsgId: MMSG-26392]
Action.c(10): web_add_header("Accept-Language") was successful  	[MsgId: MMSG-26392]
Action.c(13): web_add_auto_header("UA-CPU") started  	[MsgId: MMSG-26355]
Action.c(13): web_add_auto_header("UA-CPU") started  	[MsgId: MMSG-26355]
Action.c(13): web_add_auto_header("UA-CPU") was successful  	[MsgId: MMSG-26392]
Action.c(16): web_add_auto_header("User-Agent") started  	[MsgId: MMSG-26355]
Action.c(13): web_add_auto_header("UA-CPU") was successful  	[MsgId: MMSG-26392]
Action.c(16): web_add_auto_header("User-Agent") was successful  	[MsgId: MMSG-26392]
Action.c(16): web_add_auto_header("User-Agent") started  	[MsgId: MMSG-26355]
Action.c(16): web_add_auto_header("User-Agent") was successful  	[MsgId: MMSG-26392]
Action.c(20): web_reg_save_param_regexp started  	[MsgId: MMSG-26355]
Action.c(20): web_reg_save_param_regexp started  	[MsgId: MMSG-26355]
Action.c(20): Registering web_reg_save_param_regexp was successful  	[MsgId: MMSG-26390]
Action.c(20): Registering web_reg_save_param_regexp was successful  	[MsgId: MMSG-26390]
Action.c(29): web_url("index.htm") started  	[MsgId: MMSG-26355]
Action.c(29): web_url("index.htm") started  	[MsgId: MMSG-26355]
Starting iteration 1.	[MsgId: MMSG-15968]
Maximum number of concurrent connections per server: 6  	[MsgId: MMSG-26989]
Starting action Action.	[MsgId: MMSG-15919]
Action.c(4): web_add_auto_header("Accept") started  	[MsgId: MMSG-26355]
Action.c(4): web_add_auto_header("Accept") was successful  	[MsgId: MMSG-26392]
Action.c(7): web_add_auto_header("Accept-Encoding") started  	[MsgId: MMSG-26355]
Action.c(7): web_add_auto_header("Accept-Encoding") was successful  	[MsgId: MMSG-26392]
Action.c(10): web_add_header("Accept-Language") started  	[MsgId: MMSG-26355]
Action.c(10): web_add_header("Accept-Language") was successful  	[MsgId: MMSG-26392]
Action.c(13): web_add_auto_header("UA-CPU") started  	[MsgId: MMSG-26355]
Action.c(13): web_add_auto_header("UA-CPU") was successful  	[MsgId: MMSG-26392]
Action.c(16): web_add_auto_header("User-Agent") started  	[MsgId: MMSG-26355]
Action.c(16): web_add_auto_header("User-Agent") was successful  	[MsgId: MMSG-26392]
Action.c(20): web_reg_save_param_regexp started  	[MsgId: MMSG-26355]
Action.c(20): Registering web_reg_save_param_regexp was successful  	[MsgId: MMSG-26390]
Action.c(29): web_url("index.htm") started  	[MsgId: MMSG-26355]
Action.c(29): Error -27794: Failed to connect to server "127.0.0.1:1080": [10061] Connection refused  	[MsgId: MERR-27794]
Action.c(29): Error -27794: Failed to connect to server "127.0.0.1:1080": [10061] Connection refused  	[MsgId: MERR-27794]
Action.c(29): Warning -26200: At least one of the resources specified by EXTRARES has not been downloaded due to the above error(s)  	[MsgId: MWAR-26200]
Action.c(29): Warning -26200: At least one of the resources specified by EXTRARES has not been downloaded due to the above error(s)  	[MsgId: MWAR-26200]
Action.c(29): Notify: Saving Parameter "userSession = ".	[MsgId: MMSG-13798]
Action.c(29): Notify: Saving Parameter "userSession = ".	[MsgId: MMSG-13798]
Action.c(29): Error -35049: No match found for the requested parameter "userSession". Check whether the requested regular expression exists in the response data  	[MsgId: MERR-35049]
Action.c(29): Error -35049: No match found for the requested parameter "userSession". Check whether the requested regular expression exists in the response data  	[MsgId: MERR-35049]
Action.c(29): web_url("index.htm") highest severity level was "ERROR", 0 body bytes, 0 header bytes  	[MsgId: MMSG-26388]
Action.c(29): web_url("index.htm") highest severity level was "ERROR", 0 body bytes, 0 header bytes  	[MsgId: MMSG-26388]
Ending action Action.	[MsgId: MMSG-15918]
Ending iteration 1.	[MsgId: MMSG-15965]
Ending Vuser...	[MsgId: MMSG-15966]
Starting action vuser_end.	[MsgId: MMSG-15919]
Ending action Action.	[MsgId: MMSG-15918]
Ending action vuser_end.	[MsgId: MMSG-15918]
Vuser Terminated.	[MsgId: MMSG-15963]
Ending iteration 1.	[MsgId: MMSG-15965]
Ending Vuser...	[MsgId: MMSG-15966]
Starting action vuser_end.	[MsgId: MMSG-15919]
Ending action vuser_end.	[MsgId: MMSG-15918]
Vuser Terminated.	[MsgId: MMSG-15963]
Vuser 0 (thread 23044), ended OK."	[MsgId: MMSG-10695]
Vuser 1 (thread 23564), ended OK."	[MsgId: MMSG-10695]
Action.c(29): Error -27794: Failed to connect to server "127.0.0.1:1080": [10061] Connection refused  	[MsgId: MERR-27794]
Action.c(29): Warning -26200: At least one of the resources specified by EXTRARES has not been downloaded due to the above error(s)  	[MsgId: MWAR-26200]
Action.c(29): Notify: Saving Parameter "userSession = ".	[MsgId: MMSG-13798]
Action.c(29): Error -35049: No match found for the requested parameter "userSession". Check whether the requested regular expression exists in the response data  	[MsgId: MERR-35049]
Action.c(29): web_url("index.htm") highest severity level was "ERROR", 0 body bytes, 0 header bytes  	[MsgId: MMSG-26388]
Ending action Action.	[MsgId: MMSG-15918]
Ending iteration 1.	[MsgId: MMSG-15965]
Ending Vuser...	[MsgId: MMSG-15966]
Starting action vuser_end.	[MsgId: MMSG-15919]
Ending action vuser_end.	[MsgId: MMSG-15918]
Vuser Terminated.	[MsgId: MMSG-15963]
Vuser 2 (thread 21008), ended OK."	[MsgId: MMSG-10695]
