Start auto log messages stack - Iteration 1.	[MsgId: MMSG-10545]
Start auto log messages stack - Iteration 1.	[MsgId: MMSG-10545]
Action.c(10): web_add_header("Accept-Language") started  	[MsgId: MMSG-26355]
Action.c(10): web_add_header("Accept-Language") was successful  	[MsgId: MMSG-26392]
Action.c(13): web_add_auto_header("UA-CPU") started  	[MsgId: MMSG-26355]
Action.c(13): web_add_auto_header("UA-CPU") was successful  	[MsgId: MMSG-26392]
Action.c(16): web_add_auto_header("User-Agent") started  	[MsgId: MMSG-26355]
Action.c(10): web_add_header("Accept-Language") started  	[MsgId: MMSG-26355]
Action.c(16): web_add_auto_header("User-Agent") was successful  	[MsgId: MMSG-26392]
Action.c(10): web_add_header("Accept-Language") was successful  	[MsgId: MMSG-26392]
Action.c(20): web_reg_save_param_regexp started  	[MsgId: MMSG-26355]
Action.c(13): web_add_auto_header("UA-CPU") started  	[MsgId: MMSG-26355]
Action.c(13): web_add_auto_header("UA-CPU") was successful  	[MsgId: MMSG-26392]
Action.c(16): web_add_auto_header("User-Agent") started  	[MsgId: MMSG-26355]
Action.c(16): web_add_auto_header("User-Agent") was successful  	[MsgId: MMSG-26392]
Action.c(20): web_reg_save_param_regexp started  	[MsgId: MMSG-26355]
Action.c(20): Registering web_reg_save_param_regexp was successful  	[MsgId: MMSG-26390]
Action.c(29): web_url("index.htm") started  	[MsgId: MMSG-26355]
Action.c(29): Error -27794: Failed to connect to server "127.0.0.1:1080": [10061] Connection refused  	[MsgId: MERR-27794]
Action.c(20): Registering web_reg_save_param_regexp was successful  	[MsgId: MMSG-26390]
Action.c(29): web_url("index.htm") started  	[MsgId: MMSG-26355]
Action.c(29): Error -27794: Failed to connect to server "127.0.0.1:1080": [10061] Connection refused  	[MsgId: MERR-27794]
End auto log messages stack.	[MsgId: MMSG-10544]
End auto log messages stack.	[MsgId: MMSG-10544]




Start auto log messages stack - Iteration 1.	[MsgId: MMSG-10545]
Start auto log messages stack - Iteration 1.	[MsgId: MMSG-10545]
Action.c(29): Warning -26200: At least one of the resources specified by EXTRARES has not been downloaded due to the above error(s)  	[MsgId: MWAR-26200]
Action.c(29): Warning -26200: At least one of the resources specified by EXTRARES has not been downloaded due to the above error(s)  	[MsgId: MWAR-26200]
Action.c(29): Error -35049: No match found for the requested parameter "userSession". Check whether the requested regular expression exists in the response data  	[MsgId: MERR-35049]
Action.c(29): Error -35049: No match found for the requested parameter "userSession". Check whether the requested regular expression exists in the response data  	[MsgId: MERR-35049]
End auto log messages stack.	[MsgId: MMSG-10544]


End auto log messages stack.	[MsgId: MMSG-10544]


Start auto log messages stack - Iteration 1.	[MsgId: MMSG-10545]
Action.c(10): web_add_header("Accept-Language") started  	[MsgId: MMSG-26355]
Action.c(10): web_add_header("Accept-Language") was successful  	[MsgId: MMSG-26392]
Action.c(13): web_add_auto_header("UA-CPU") started  	[MsgId: MMSG-26355]
Action.c(13): web_add_auto_header("UA-CPU") was successful  	[MsgId: MMSG-26392]
Action.c(16): web_add_auto_header("User-Agent") started  	[MsgId: MMSG-26355]
Action.c(16): web_add_auto_header("User-Agent") was successful  	[MsgId: MMSG-26392]
Action.c(20): web_reg_save_param_regexp started  	[MsgId: MMSG-26355]
Action.c(20): Registering web_reg_save_param_regexp was successful  	[MsgId: MMSG-26390]
Action.c(29): web_url("index.htm") started  	[MsgId: MMSG-26355]
Action.c(29): Error -27794: Failed to connect to server "127.0.0.1:1080": [10061] Connection refused  	[MsgId: MERR-27794]
End auto log messages stack.	[MsgId: MMSG-10544]


Start auto log messages stack - Iteration 1.	[MsgId: MMSG-10545]
Action.c(29): Warning -26200: At least one of the resources specified by EXTRARES has not been downloaded due to the above error(s)  	[MsgId: MWAR-26200]
Action.c(29): Error -35049: No match found for the requested parameter "userSession". Check whether the requested regular expression exists in the response data  	[MsgId: MERR-35049]
End auto log messages stack.	[MsgId: MMSG-10544]


Start auto log messages stack - Iteration 2.	[MsgId: MMSG-10545]
Start auto log messages stack - Iteration 2.	[MsgId: MMSG-10545]
Action.c(10): web_add_header("Accept-Language") started  	[MsgId: MMSG-26355]
Action.c(10): web_add_header("Accept-Language") was successful  	[MsgId: MMSG-26392]
Action.c(10): web_add_header("Accept-Language") started  	[MsgId: MMSG-26355]
Action.c(13): web_add_auto_header("UA-CPU") started  	[MsgId: MMSG-26355]
Action.c(10): web_add_header("Accept-Language") was successful  	[MsgId: MMSG-26392]
Action.c(13): web_add_auto_header("UA-CPU") was successful  	[MsgId: MMSG-26392]
Action.c(13): web_add_auto_header("UA-CPU") started  	[MsgId: MMSG-26355]
Action.c(16): web_add_auto_header("User-Agent") started  	[MsgId: MMSG-26355]
Action.c(13): web_add_auto_header("UA-CPU") was successful  	[MsgId: MMSG-26392]
Action.c(16): web_add_auto_header("User-Agent") was successful  	[MsgId: MMSG-26392]
Action.c(16): web_add_auto_header("User-Agent") started  	[MsgId: MMSG-26355]
Action.c(20): web_reg_save_param_regexp started  	[MsgId: MMSG-26355]
Action.c(16): web_add_auto_header("User-Agent") was successful  	[MsgId: MMSG-26392]
Action.c(20): Registering web_reg_save_param_regexp was successful  	[MsgId: MMSG-26390]
Action.c(20): web_reg_save_param_regexp started  	[MsgId: MMSG-26355]
Action.c(29): web_url("index.htm") started  	[MsgId: MMSG-26355]
Action.c(20): Registering web_reg_save_param_regexp was successful  	[MsgId: MMSG-26390]
Action.c(29): Error -27794: Failed to connect to server "127.0.0.1:1080": [10061] Connection refused  	[MsgId: MERR-27794]
Action.c(29): web_url("index.htm") started  	[MsgId: MMSG-26355]
Action.c(29): Error -27794: Failed to connect to server "127.0.0.1:1080": [10061] Connection refused  	[MsgId: MERR-27794]
End auto log messages stack.	[MsgId: MMSG-10544]


End auto log messages stack.	[MsgId: MMSG-10544]
Start auto log messages stack - Iteration 2.	[MsgId: MMSG-10545]
Action.c(29): Warning -26200: At least one of the resources specified by EXTRARES has not been downloaded due to the above error(s)  	[MsgId: MWAR-26200]


Action.c(29): Error -35049: No match found for the requested parameter "userSession". Check whether the requested regular expression exists in the response data  	[MsgId: MERR-35049]
Start auto log messages stack - Iteration 2.	[MsgId: MMSG-10545]
Action.c(29): Warning -26200: At least one of the resources specified by EXTRARES has not been downloaded due to the above error(s)  	[MsgId: MWAR-26200]
End auto log messages stack.	[MsgId: MMSG-10544]
Action.c(29): Error -35049: No match found for the requested parameter "userSession". Check whether the requested regular expression exists in the response data  	[MsgId: MERR-35049]


End auto log messages stack.	[MsgId: MMSG-10544]


Start auto log messages stack - Iteration 2.	[MsgId: MMSG-10545]
Action.c(10): web_add_header("Accept-Language") started  	[MsgId: MMSG-26355]
Action.c(10): web_add_header("Accept-Language") was successful  	[MsgId: MMSG-26392]
Action.c(13): web_add_auto_header("UA-CPU") started  	[MsgId: MMSG-26355]
Action.c(13): web_add_auto_header("UA-CPU") was successful  	[MsgId: MMSG-26392]
Action.c(16): web_add_auto_header("User-Agent") started  	[MsgId: MMSG-26355]
Action.c(16): web_add_auto_header("User-Agent") was successful  	[MsgId: MMSG-26392]
Action.c(20): web_reg_save_param_regexp started  	[MsgId: MMSG-26355]
Action.c(20): Registering web_reg_save_param_regexp was successful  	[MsgId: MMSG-26390]
Action.c(29): web_url("index.htm") started  	[MsgId: MMSG-26355]
Action.c(29): Error -27794: Failed to connect to server "127.0.0.1:1080": [10061] Connection refused  	[MsgId: MERR-27794]
End auto log messages stack.	[MsgId: MMSG-10544]


Start auto log messages stack - Iteration 2.	[MsgId: MMSG-10545]
Action.c(29): Warning -26200: At least one of the resources specified by EXTRARES has not been downloaded due to the above error(s)  	[MsgId: MWAR-26200]
Action.c(29): Error -35049: No match found for the requested parameter "userSession". Check whether the requested regular expression exists in the response data  	[MsgId: MERR-35049]
End auto log messages stack.	[MsgId: MMSG-10544]


Start auto log messages stack - Iteration 3.	[MsgId: MMSG-10545]
Action.c(10): web_add_header("Accept-Language") started  	[MsgId: MMSG-26355]
Start auto log messages stack - Iteration 3.	[MsgId: MMSG-10545]
Action.c(10): web_add_header("Accept-Language") was successful  	[MsgId: MMSG-26392]
Action.c(13): web_add_auto_header("UA-CPU") started  	[MsgId: MMSG-26355]
Action.c(10): web_add_header("Accept-Language") started  	[MsgId: MMSG-26355]
Action.c(13): web_add_auto_header("UA-CPU") was successful  	[MsgId: MMSG-26392]
Action.c(10): web_add_header("Accept-Language") was successful  	[MsgId: MMSG-26392]
Action.c(16): web_add_auto_header("User-Agent") started  	[MsgId: MMSG-26355]
Action.c(13): web_add_auto_header("UA-CPU") started  	[MsgId: MMSG-26355]
Action.c(16): web_add_auto_header("User-Agent") was successful  	[MsgId: MMSG-26392]
Action.c(13): web_add_auto_header("UA-CPU") was successful  	[MsgId: MMSG-26392]
Action.c(20): web_reg_save_param_regexp started  	[MsgId: MMSG-26355]
Action.c(16): web_add_auto_header("User-Agent") started  	[MsgId: MMSG-26355]
Action.c(20): Registering web_reg_save_param_regexp was successful  	[MsgId: MMSG-26390]
Action.c(16): web_add_auto_header("User-Agent") was successful  	[MsgId: MMSG-26392]
Action.c(29): web_url("index.htm") started  	[MsgId: MMSG-26355]
Action.c(20): web_reg_save_param_regexp started  	[MsgId: MMSG-26355]
Action.c(29): Error -27794: Failed to connect to server "127.0.0.1:1080": [10061] Connection refused  	[MsgId: MERR-27794]
Action.c(20): Registering web_reg_save_param_regexp was successful  	[MsgId: MMSG-26390]
Action.c(29): web_url("index.htm") started  	[MsgId: MMSG-26355]
Action.c(29): Error -27794: Failed to connect to server "127.0.0.1:1080": [10061] Connection refused  	[MsgId: MERR-27794]
End auto log messages stack.	[MsgId: MMSG-10544]
End auto log messages stack.	[MsgId: MMSG-10544]




Start auto log messages stack - Iteration 3.	[MsgId: MMSG-10545]
Start auto log messages stack - Iteration 3.	[MsgId: MMSG-10545]
Action.c(29): Warning -26200: At least one of the resources specified by EXTRARES has not been downloaded due to the above error(s)  	[MsgId: MWAR-26200]
Action.c(29): Warning -26200: At least one of the resources specified by EXTRARES has not been downloaded due to the above error(s)  	[MsgId: MWAR-26200]
Action.c(29): Error -35049: No match found for the requested parameter "userSession". Check whether the requested regular expression exists in the response data  	[MsgId: MERR-35049]
Action.c(29): Error -35049: No match found for the requested parameter "userSession". Check whether the requested regular expression exists in the response data  	[MsgId: MERR-35049]
End auto log messages stack.	[MsgId: MMSG-10544]


End auto log messages stack.	[MsgId: MMSG-10544]


Start auto log messages stack - Iteration 3.	[MsgId: MMSG-10545]
Action.c(10): web_add_header("Accept-Language") started  	[MsgId: MMSG-26355]
Action.c(10): web_add_header("Accept-Language") was successful  	[MsgId: MMSG-26392]
Action.c(13): web_add_auto_header("UA-CPU") started  	[MsgId: MMSG-26355]
Action.c(13): web_add_auto_header("UA-CPU") was successful  	[MsgId: MMSG-26392]
Action.c(16): web_add_auto_header("User-Agent") started  	[MsgId: MMSG-26355]
Action.c(16): web_add_auto_header("User-Agent") was successful  	[MsgId: MMSG-26392]
Action.c(20): web_reg_save_param_regexp started  	[MsgId: MMSG-26355]
Action.c(20): Registering web_reg_save_param_regexp was successful  	[MsgId: MMSG-26390]
Action.c(29): web_url("index.htm") started  	[MsgId: MMSG-26355]
Action.c(29): Error -27794: Failed to connect to server "127.0.0.1:1080": [10061] Connection refused  	[MsgId: MERR-27794]
End auto log messages stack.	[MsgId: MMSG-10544]


Start auto log messages stack - Iteration 3.	[MsgId: MMSG-10545]
Action.c(29): Warning -26200: At least one of the resources specified by EXTRARES has not been downloaded due to the above error(s)  	[MsgId: MWAR-26200]
Action.c(29): Error -35049: No match found for the requested parameter "userSession". Check whether the requested regular expression exists in the response data  	[MsgId: MERR-35049]
End auto log messages stack.	[MsgId: MMSG-10544]


Start auto log messages stack - Iteration 1.	[MsgId: MMSG-10545]
Start auto log messages stack - Iteration 1.	[MsgId: MMSG-10545]
Action.c(10): web_add_header("Accept-Language") started  	[MsgId: MMSG-26355]
Action.c(10): web_add_header("Accept-Language") was successful  	[MsgId: MMSG-26392]
Action.c(13): web_add_auto_header("UA-CPU") started  	[MsgId: MMSG-26355]
Action.c(10): web_add_header("Accept-Language") started  	[MsgId: MMSG-26355]
Action.c(13): web_add_auto_header("UA-CPU") was successful  	[MsgId: MMSG-26392]
Action.c(10): web_add_header("Accept-Language") was successful  	[MsgId: MMSG-26392]
Action.c(16): web_add_auto_header("User-Agent") started  	[MsgId: MMSG-26355]
Action.c(13): web_add_auto_header("UA-CPU") started  	[MsgId: MMSG-26355]
Action.c(16): web_add_auto_header("User-Agent") was successful  	[MsgId: MMSG-26392]
Action.c(13): web_add_auto_header("UA-CPU") was successful  	[MsgId: MMSG-26392]
Action.c(20): web_reg_save_param_regexp started  	[MsgId: MMSG-26355]
Action.c(16): web_add_auto_header("User-Agent") started  	[MsgId: MMSG-26355]
Action.c(16): web_add_auto_header("User-Agent") was successful  	[MsgId: MMSG-26392]
Action.c(20): web_reg_save_param_regexp started  	[MsgId: MMSG-26355]
Action.c(20): Registering web_reg_save_param_regexp was successful  	[MsgId: MMSG-26390]
Action.c(29): web_url("index.htm") started  	[MsgId: MMSG-26355]
Action.c(29): Error -27794: Failed to connect to server "127.0.0.1:1080": [10061] Connection refused  	[MsgId: MERR-27794]
Action.c(20): Registering web_reg_save_param_regexp was successful  	[MsgId: MMSG-26390]
Action.c(29): web_url("index.htm") started  	[MsgId: MMSG-26355]
End auto log messages stack.	[MsgId: MMSG-10544]
Action.c(29): Error -27794: Failed to connect to server "127.0.0.1:1080": [10061] Connection refused  	[MsgId: MERR-27794]


Start auto log messages stack - Iteration 1.	[MsgId: MMSG-10545]
Action.c(29): Warning -26200: At least one of the resources specified by EXTRARES has not been downloaded due to the above error(s)  	[MsgId: MWAR-26200]
End auto log messages stack.	[MsgId: MMSG-10544]
Action.c(29): Error -35049: No match found for the requested parameter "userSession". Check whether the requested regular expression exists in the response data  	[MsgId: MERR-35049]


End auto log messages stack.	[MsgId: MMSG-10544]
Start auto log messages stack - Iteration 1.	[MsgId: MMSG-10545]


Action.c(29): Warning -26200: At least one of the resources specified by EXTRARES has not been downloaded due to the above error(s)  	[MsgId: MWAR-26200]
Action.c(29): Error -35049: No match found for the requested parameter "userSession". Check whether the requested regular expression exists in the response data  	[MsgId: MERR-35049]
End auto log messages stack.	[MsgId: MMSG-10544]


Start auto log messages stack - Iteration 1.	[MsgId: MMSG-10545]
Action.c(10): web_add_header("Accept-Language") started  	[MsgId: MMSG-26355]
Action.c(10): web_add_header("Accept-Language") was successful  	[MsgId: MMSG-26392]
Action.c(13): web_add_auto_header("UA-CPU") started  	[MsgId: MMSG-26355]
Action.c(13): web_add_auto_header("UA-CPU") was successful  	[MsgId: MMSG-26392]
Action.c(16): web_add_auto_header("User-Agent") started  	[MsgId: MMSG-26355]
Action.c(16): web_add_auto_header("User-Agent") was successful  	[MsgId: MMSG-26392]
Action.c(20): web_reg_save_param_regexp started  	[MsgId: MMSG-26355]
Action.c(20): Registering web_reg_save_param_regexp was successful  	[MsgId: MMSG-26390]
Action.c(29): web_url("index.htm") started  	[MsgId: MMSG-26355]
Action.c(29): Error -27794: Failed to connect to server "127.0.0.1:1080": [10061] Connection refused  	[MsgId: MERR-27794]
End auto log messages stack.	[MsgId: MMSG-10544]


Start auto log messages stack - Iteration 1.	[MsgId: MMSG-10545]
Action.c(29): Warning -26200: At least one of the resources specified by EXTRARES has not been downloaded due to the above error(s)  	[MsgId: MWAR-26200]
Action.c(29): Error -35049: No match found for the requested parameter "userSession". Check whether the requested regular expression exists in the response data  	[MsgId: MERR-35049]
End auto log messages stack.	[MsgId: MMSG-10544]


Start auto log messages stack - Iteration 4.	[MsgId: MMSG-10545]
Start auto log messages stack - Iteration 4.	[MsgId: MMSG-10545]
Action.c(10): web_add_header("Accept-Language") started  	[MsgId: MMSG-26355]
Action.c(10): web_add_header("Accept-Language") was successful  	[MsgId: MMSG-26392]
Action.c(10): web_add_header("Accept-Language") started  	[MsgId: MMSG-26355]
Action.c(13): web_add_auto_header("UA-CPU") started  	[MsgId: MMSG-26355]
Action.c(13): web_add_auto_header("UA-CPU") was successful  	[MsgId: MMSG-26392]
Action.c(16): web_add_auto_header("User-Agent") started  	[MsgId: MMSG-26355]
Action.c(10): web_add_header("Accept-Language") was successful  	[MsgId: MMSG-26392]
Action.c(16): web_add_auto_header("User-Agent") was successful  	[MsgId: MMSG-26392]
Action.c(20): web_reg_save_param_regexp started  	[MsgId: MMSG-26355]
Action.c(13): web_add_auto_header("UA-CPU") started  	[MsgId: MMSG-26355]
Action.c(20): Registering web_reg_save_param_regexp was successful  	[MsgId: MMSG-26390]
Action.c(29): web_url("index.htm") started  	[MsgId: MMSG-26355]
Action.c(13): web_add_auto_header("UA-CPU") was successful  	[MsgId: MMSG-26392]
Action.c(29): Error -27794: Failed to connect to server "127.0.0.1:1080": [10061] Connection refused  	[MsgId: MERR-27794]
Action.c(16): web_add_auto_header("User-Agent") started  	[MsgId: MMSG-26355]
Action.c(16): web_add_auto_header("User-Agent") was successful  	[MsgId: MMSG-26392]
End auto log messages stack.	[MsgId: MMSG-10544]
Action.c(20): web_reg_save_param_regexp started  	[MsgId: MMSG-26355]


Action.c(20): Registering web_reg_save_param_regexp was successful  	[MsgId: MMSG-26390]
Action.c(29): web_url("index.htm") started  	[MsgId: MMSG-26355]
Start auto log messages stack - Iteration 4.	[MsgId: MMSG-10545]
Action.c(29): Error -27794: Failed to connect to server "127.0.0.1:1080": [10061] Connection refused  	[MsgId: MERR-27794]
Action.c(29): Warning -26200: At least one of the resources specified by EXTRARES has not been downloaded due to the above error(s)  	[MsgId: MWAR-26200]
Action.c(29): Error -35049: No match found for the requested parameter "userSession". Check whether the requested regular expression exists in the response data  	[MsgId: MERR-35049]
End auto log messages stack.	[MsgId: MMSG-10544]


End auto log messages stack.	[MsgId: MMSG-10544]


Start auto log messages stack - Iteration 4.	[MsgId: MMSG-10545]
Action.c(29): Warning -26200: At least one of the resources specified by EXTRARES has not been downloaded due to the above error(s)  	[MsgId: MWAR-26200]
Action.c(29): Error -35049: No match found for the requested parameter "userSession". Check whether the requested regular expression exists in the response data  	[MsgId: MERR-35049]
End auto log messages stack.	[MsgId: MMSG-10544]


Start auto log messages stack - Iteration 4.	[MsgId: MMSG-10545]
Action.c(10): web_add_header("Accept-Language") started  	[MsgId: MMSG-26355]
Action.c(10): web_add_header("Accept-Language") was successful  	[MsgId: MMSG-26392]
Action.c(13): web_add_auto_header("UA-CPU") started  	[MsgId: MMSG-26355]
Action.c(13): web_add_auto_header("UA-CPU") was successful  	[MsgId: MMSG-26392]
Action.c(16): web_add_auto_header("User-Agent") started  	[MsgId: MMSG-26355]
Action.c(16): web_add_auto_header("User-Agent") was successful  	[MsgId: MMSG-26392]
Action.c(20): web_reg_save_param_regexp started  	[MsgId: MMSG-26355]
Action.c(20): Registering web_reg_save_param_regexp was successful  	[MsgId: MMSG-26390]
Action.c(29): web_url("index.htm") started  	[MsgId: MMSG-26355]
Action.c(29): Error -27794: Failed to connect to server "127.0.0.1:1080": [10061] Connection refused  	[MsgId: MERR-27794]
End auto log messages stack.	[MsgId: MMSG-10544]


Start auto log messages stack - Iteration 4.	[MsgId: MMSG-10545]
Action.c(29): Warning -26200: At least one of the resources specified by EXTRARES has not been downloaded due to the above error(s)  	[MsgId: MWAR-26200]
Action.c(29): Error -35049: No match found for the requested parameter "userSession". Check whether the requested regular expression exists in the response data  	[MsgId: MERR-35049]
End auto log messages stack.	[MsgId: MMSG-10544]


Start auto log messages stack - Iteration 2.	[MsgId: MMSG-10545]
Start auto log messages stack - Iteration 2.	[MsgId: MMSG-10545]
Action.c(10): web_add_header("Accept-Language") started  	[MsgId: MMSG-26355]
Action.c(10): web_add_header("Accept-Language") was successful  	[MsgId: MMSG-26392]
Action.c(10): web_add_header("Accept-Language") started  	[MsgId: MMSG-26355]
Action.c(13): web_add_auto_header("UA-CPU") started  	[MsgId: MMSG-26355]
Action.c(10): web_add_header("Accept-Language") was successful  	[MsgId: MMSG-26392]
Action.c(13): web_add_auto_header("UA-CPU") was successful  	[MsgId: MMSG-26392]
Action.c(13): web_add_auto_header("UA-CPU") started  	[MsgId: MMSG-26355]
Action.c(16): web_add_auto_header("User-Agent") started  	[MsgId: MMSG-26355]
Action.c(13): web_add_auto_header("UA-CPU") was successful  	[MsgId: MMSG-26392]
Action.c(16): web_add_auto_header("User-Agent") was successful  	[MsgId: MMSG-26392]
Action.c(16): web_add_auto_header("User-Agent") started  	[MsgId: MMSG-26355]
Action.c(20): web_reg_save_param_regexp started  	[MsgId: MMSG-26355]
Action.c(16): web_add_auto_header("User-Agent") was successful  	[MsgId: MMSG-26392]
Action.c(20): Registering web_reg_save_param_regexp was successful  	[MsgId: MMSG-26390]
Action.c(20): web_reg_save_param_regexp started  	[MsgId: MMSG-26355]
Action.c(29): web_url("index.htm") started  	[MsgId: MMSG-26355]
Action.c(20): Registering web_reg_save_param_regexp was successful  	[MsgId: MMSG-26390]
Action.c(29): Error -27794: Failed to connect to server "127.0.0.1:1080": [10061] Connection refused  	[MsgId: MERR-27794]
Action.c(29): web_url("index.htm") started  	[MsgId: MMSG-26355]
Action.c(29): Error -27794: Failed to connect to server "127.0.0.1:1080": [10061] Connection refused  	[MsgId: MERR-27794]
End auto log messages stack.	[MsgId: MMSG-10544]


End auto log messages stack.	[MsgId: MMSG-10544]
Start auto log messages stack - Iteration 2.	[MsgId: MMSG-10545]


Action.c(29): Warning -26200: At least one of the resources specified by EXTRARES has not been downloaded due to the above error(s)  	[MsgId: MWAR-26200]
Start auto log messages stack - Iteration 2.	[MsgId: MMSG-10545]
Action.c(29): Error -35049: No match found for the requested parameter "userSession". Check whether the requested regular expression exists in the response data  	[MsgId: MERR-35049]
End auto log messages stack.	[MsgId: MMSG-10544]


Action.c(29): Warning -26200: At least one of the resources specified by EXTRARES has not been downloaded due to the above error(s)  	[MsgId: MWAR-26200]
Action.c(29): Error -35049: No match found for the requested parameter "userSession". Check whether the requested regular expression exists in the response data  	[MsgId: MERR-35049]
End auto log messages stack.	[MsgId: MMSG-10544]


Start auto log messages stack - Iteration 2.	[MsgId: MMSG-10545]
Action.c(10): web_add_header("Accept-Language") started  	[MsgId: MMSG-26355]
Action.c(10): web_add_header("Accept-Language") was successful  	[MsgId: MMSG-26392]
Action.c(13): web_add_auto_header("UA-CPU") started  	[MsgId: MMSG-26355]
Action.c(13): web_add_auto_header("UA-CPU") was successful  	[MsgId: MMSG-26392]
Action.c(16): web_add_auto_header("User-Agent") started  	[MsgId: MMSG-26355]
Action.c(16): web_add_auto_header("User-Agent") was successful  	[MsgId: MMSG-26392]
Action.c(20): web_reg_save_param_regexp started  	[MsgId: MMSG-26355]
Action.c(20): Registering web_reg_save_param_regexp was successful  	[MsgId: MMSG-26390]
Action.c(29): web_url("index.htm") started  	[MsgId: MMSG-26355]
Action.c(29): Error -27794: Failed to connect to server "127.0.0.1:1080": [10061] Connection refused  	[MsgId: MERR-27794]
End auto log messages stack.	[MsgId: MMSG-10544]


Start auto log messages stack - Iteration 2.	[MsgId: MMSG-10545]
Action.c(29): Warning -26200: At least one of the resources specified by EXTRARES has not been downloaded due to the above error(s)  	[MsgId: MWAR-26200]
Action.c(29): Error -35049: No match found for the requested parameter "userSession". Check whether the requested regular expression exists in the response data  	[MsgId: MERR-35049]
End auto log messages stack.	[MsgId: MMSG-10544]


Start auto log messages stack - Iteration 5.	[MsgId: MMSG-10545]
Start auto log messages stack - Iteration 5.	[MsgId: MMSG-10545]
Action.c(10): web_add_header("Accept-Language") started  	[MsgId: MMSG-26355]
Action.c(10): web_add_header("Accept-Language") started  	[MsgId: MMSG-26355]
Action.c(10): web_add_header("Accept-Language") was successful  	[MsgId: MMSG-26392]
Action.c(10): web_add_header("Accept-Language") was successful  	[MsgId: MMSG-26392]
Action.c(13): web_add_auto_header("UA-CPU") started  	[MsgId: MMSG-26355]
Action.c(13): web_add_auto_header("UA-CPU") started  	[MsgId: MMSG-26355]
Action.c(13): web_add_auto_header("UA-CPU") was successful  	[MsgId: MMSG-26392]
Action.c(13): web_add_auto_header("UA-CPU") was successful  	[MsgId: MMSG-26392]
Action.c(16): web_add_auto_header("User-Agent") started  	[MsgId: MMSG-26355]
Action.c(16): web_add_auto_header("User-Agent") started  	[MsgId: MMSG-26355]
Action.c(16): web_add_auto_header("User-Agent") was successful  	[MsgId: MMSG-26392]
Action.c(16): web_add_auto_header("User-Agent") was successful  	[MsgId: MMSG-26392]
Action.c(20): web_reg_save_param_regexp started  	[MsgId: MMSG-26355]
Action.c(20): web_reg_save_param_regexp started  	[MsgId: MMSG-26355]
Action.c(20): Registering web_reg_save_param_regexp was successful  	[MsgId: MMSG-26390]
Action.c(20): Registering web_reg_save_param_regexp was successful  	[MsgId: MMSG-26390]
Action.c(29): web_url("index.htm") started  	[MsgId: MMSG-26355]
Action.c(29): web_url("index.htm") started  	[MsgId: MMSG-26355]
Action.c(29): Error -27794: Failed to connect to server "127.0.0.1:1080": [10061] Connection refused  	[MsgId: MERR-27794]
Action.c(29): Error -27794: Failed to connect to server "127.0.0.1:1080": [10061] Connection refused  	[MsgId: MERR-27794]
End auto log messages stack.	[MsgId: MMSG-10544]


End auto log messages stack.	[MsgId: MMSG-10544]


Start auto log messages stack - Iteration 5.	[MsgId: MMSG-10545]
Action.c(29): Warning -26200: At least one of the resources specified by EXTRARES has not been downloaded due to the above error(s)  	[MsgId: MWAR-26200]
Start auto log messages stack - Iteration 5.	[MsgId: MMSG-10545]
Action.c(29): Warning -26200: At least one of the resources specified by EXTRARES has not been downloaded due to the above error(s)  	[MsgId: MWAR-26200]
Action.c(29): Error -35049: No match found for the requested parameter "userSession". Check whether the requested regular expression exists in the response data  	[MsgId: MERR-35049]
Action.c(29): Error -35049: No match found for the requested parameter "userSession". Check whether the requested regular expression exists in the response data  	[MsgId: MERR-35049]
End auto log messages stack.	[MsgId: MMSG-10544]
End auto log messages stack.	[MsgId: MMSG-10544]




Start auto log messages stack - Iteration 5.	[MsgId: MMSG-10545]
Action.c(10): web_add_header("Accept-Language") started  	[MsgId: MMSG-26355]
Action.c(10): web_add_header("Accept-Language") was successful  	[MsgId: MMSG-26392]
Action.c(13): web_add_auto_header("UA-CPU") started  	[MsgId: MMSG-26355]
Action.c(13): web_add_auto_header("UA-CPU") was successful  	[MsgId: MMSG-26392]
Action.c(16): web_add_auto_header("User-Agent") started  	[MsgId: MMSG-26355]
Action.c(16): web_add_auto_header("User-Agent") was successful  	[MsgId: MMSG-26392]
Action.c(20): web_reg_save_param_regexp started  	[MsgId: MMSG-26355]
Action.c(20): Registering web_reg_save_param_regexp was successful  	[MsgId: MMSG-26390]
Action.c(29): web_url("index.htm") started  	[MsgId: MMSG-26355]
Action.c(29): Error -27794: Failed to connect to server "127.0.0.1:1080": [10061] Connection refused  	[MsgId: MERR-27794]
End auto log messages stack.	[MsgId: MMSG-10544]


Start auto log messages stack - Iteration 5.	[MsgId: MMSG-10545]
Action.c(29): Warning -26200: At least one of the resources specified by EXTRARES has not been downloaded due to the above error(s)  	[MsgId: MWAR-26200]
Action.c(29): Error -35049: No match found for the requested parameter "userSession". Check whether the requested regular expression exists in the response data  	[MsgId: MERR-35049]
End auto log messages stack.	[MsgId: MMSG-10544]


Start auto log messages stack - Iteration 3.	[MsgId: MMSG-10545]
Start auto log messages stack - Iteration 3.	[MsgId: MMSG-10545]
Action.c(10): web_add_header("Accept-Language") started  	[MsgId: MMSG-26355]
Start auto log messages stack - Iteration 3.	[MsgId: MMSG-10545]
Action.c(10): web_add_header("Accept-Language") was successful  	[MsgId: MMSG-26392]
Action.c(10): web_add_header("Accept-Language") started  	[MsgId: MMSG-26355]
Action.c(10): web_add_header("Accept-Language") started  	[MsgId: MMSG-26355]
Action.c(10): web_add_header("Accept-Language") was successful  	[MsgId: MMSG-26392]
Action.c(13): web_add_auto_header("UA-CPU") started  	[MsgId: MMSG-26355]
Action.c(10): web_add_header("Accept-Language") was successful  	[MsgId: MMSG-26392]
Action.c(13): web_add_auto_header("UA-CPU") started  	[MsgId: MMSG-26355]
Action.c(13): web_add_auto_header("UA-CPU") started  	[MsgId: MMSG-26355]
Action.c(13): web_add_auto_header("UA-CPU") was successful  	[MsgId: MMSG-26392]
Action.c(13): web_add_auto_header("UA-CPU") was successful  	[MsgId: MMSG-26392]
Action.c(13): web_add_auto_header("UA-CPU") was successful  	[MsgId: MMSG-26392]
Action.c(16): web_add_auto_header("User-Agent") started  	[MsgId: MMSG-26355]
Action.c(16): web_add_auto_header("User-Agent") started  	[MsgId: MMSG-26355]
Action.c(16): web_add_auto_header("User-Agent") started  	[MsgId: MMSG-26355]
Action.c(16): web_add_auto_header("User-Agent") was successful  	[MsgId: MMSG-26392]
Action.c(16): web_add_auto_header("User-Agent") was successful  	[MsgId: MMSG-26392]
Action.c(20): web_reg_save_param_regexp started  	[MsgId: MMSG-26355]
Action.c(20): web_reg_save_param_regexp started  	[MsgId: MMSG-26355]
Action.c(16): web_add_auto_header("User-Agent") was successful  	[MsgId: MMSG-26392]
Action.c(20): Registering web_reg_save_param_regexp was successful  	[MsgId: MMSG-26390]
Action.c(20): Registering web_reg_save_param_regexp was successful  	[MsgId: MMSG-26390]
Action.c(29): web_url("index.htm") started  	[MsgId: MMSG-26355]
Action.c(29): web_url("index.htm") started  	[MsgId: MMSG-26355]
Action.c(20): web_reg_save_param_regexp started  	[MsgId: MMSG-26355]
Action.c(29): Error -27794: Failed to connect to server "127.0.0.1:1080": [10061] Connection refused  	[MsgId: MERR-27794]
Action.c(29): Error -27794: Failed to connect to server "127.0.0.1:1080": [10061] Connection refused  	[MsgId: MERR-27794]
Action.c(20): Registering web_reg_save_param_regexp was successful  	[MsgId: MMSG-26390]
Action.c(29): web_url("index.htm") started  	[MsgId: MMSG-26355]
Action.c(29): Error -27794: Failed to connect to server "127.0.0.1:1080": [10061] Connection refused  	[MsgId: MERR-27794]
End auto log messages stack.	[MsgId: MMSG-10544]
End auto log messages stack.	[MsgId: MMSG-10544]
End auto log messages stack.	[MsgId: MMSG-10544]






Start auto log messages stack - Iteration 3.	[MsgId: MMSG-10545]
Start auto log messages stack - Iteration 3.	[MsgId: MMSG-10545]
Start auto log messages stack - Iteration 3.	[MsgId: MMSG-10545]
Action.c(29): Warning -26200: At least one of the resources specified by EXTRARES has not been downloaded due to the above error(s)  	[MsgId: MWAR-26200]
Action.c(29): Warning -26200: At least one of the resources specified by EXTRARES has not been downloaded due to the above error(s)  	[MsgId: MWAR-26200]
Action.c(29): Warning -26200: At least one of the resources specified by EXTRARES has not been downloaded due to the above error(s)  	[MsgId: MWAR-26200]
Action.c(29): Error -35049: No match found for the requested parameter "userSession". Check whether the requested regular expression exists in the response data  	[MsgId: MERR-35049]
Action.c(29): Error -35049: No match found for the requested parameter "userSession". Check whether the requested regular expression exists in the response data  	[MsgId: MERR-35049]
Action.c(29): Error -35049: No match found for the requested parameter "userSession". Check whether the requested regular expression exists in the response data  	[MsgId: MERR-35049]
End auto log messages stack.	[MsgId: MMSG-10544]


End auto log messages stack.	[MsgId: MMSG-10544]
End auto log messages stack.	[MsgId: MMSG-10544]




